Added Component: Designator=ARD(Arduino)
Add component. Clean all parameters for all variants
Added Component: Designator=B1(new buzzer)
Add component. Clean all parameters for all variants
Add component (AddParameter): Name = "ComponentLink1Description"; Value = "https://www.verical.com/server-webapp/html/getDatasheet?partID=440408&src-supplier=Verical"; VariantName = "[No Variations]"
Add component (AddParameter): Name = "ComponentLink1URL"; Value = "https://www.verical.com/server-webapp/html/getDatasheet?partID=440408&src-supplier=Verical"; VariantName = "[No Variations]"
Add component (AddParameter): Name = "Manufacturer"; Value = "JST"; VariantName = "[No Variations]"
Add component (AddParameter): Name = "Manufacturer Part Number"; Value = "B8B-XH-A(LF)(SN)"; VariantName = "[No Variations]"
Add component (AddParameter): Name = "No of Positions"; Value = "8"; VariantName = "[No Variations]"
Add component (AddParameter): Name = "Pitch"; Value = "2.5 mm"; VariantName = "[No Variations]"
Add component (AddParameter): Name = "Pricing 1"; Value = "1=0.36, 10=0.341, 100=0.2387, 500=0.2046, 1000=0.1705, 5000=0.1461, 10000=0.1364 (USD)"; VariantName = "[No Variations]"
Add component (AddParameter): Name = "Stock 1"; Value = "29643"; VariantName = "[No Variations]"
Add component (AddParameter): Name = "Style/Orientation"; Value = "Straight Header/Plug"; VariantName = "[No Variations]"
Add component (AddParameter): Name = "Supplier 1"; Value = "Digi-Key"; VariantName = "[No Variations]"
Add component (AddParameter): Name = "Supplier Part Number 1"; Value = "455-2251-ND"; VariantName = "[No Variations]"
Add component (AddParameter): Name = "Termination"; Value = "Crimp"; VariantName = "[No Variations]"
Add component (AddParameter): Name = "Type"; Value = "Shrouded Header"; VariantName = "[No Variations]"
Added Component: Designator=J1(JST4)
Add component. Clean all parameters for all variants
Add component (AddParameter): Name = "ComponentLink1Description"; Value = "https://www.verical.com/server-webapp/html/getDatasheet?partID=440408&src-supplier=Verical"; VariantName = "[No Variations]"
Add component (AddParameter): Name = "ComponentLink1URL"; Value = "https://www.verical.com/server-webapp/html/getDatasheet?partID=440408&src-supplier=Verical"; VariantName = "[No Variations]"
Add component (AddParameter): Name = "Manufacturer"; Value = "JST"; VariantName = "[No Variations]"
Add component (AddParameter): Name = "Manufacturer Part Number"; Value = "B8B-XH-A(LF)(SN)"; VariantName = "[No Variations]"
Add component (AddParameter): Name = "No of Positions"; Value = "8"; VariantName = "[No Variations]"
Add component (AddParameter): Name = "Pitch"; Value = "2.5 mm"; VariantName = "[No Variations]"
Add component (AddParameter): Name = "Pricing 1"; Value = "1=0.36, 10=0.341, 100=0.2387, 500=0.2046, 1000=0.1705, 5000=0.1461, 10000=0.1364 (USD)"; VariantName = "[No Variations]"
Add component (AddParameter): Name = "Stock 1"; Value = "29643"; VariantName = "[No Variations]"
Add component (AddParameter): Name = "Style/Orientation"; Value = "Straight Header/Plug"; VariantName = "[No Variations]"
Add component (AddParameter): Name = "Supplier 1"; Value = "Digi-Key"; VariantName = "[No Variations]"
Add component (AddParameter): Name = "Supplier Part Number 1"; Value = "455-2251-ND"; VariantName = "[No Variations]"
Add component (AddParameter): Name = "Termination"; Value = "Crimp"; VariantName = "[No Variations]"
Add component (AddParameter): Name = "Type"; Value = "Shrouded Header"; VariantName = "[No Variations]"
Added Component: Designator=J2(JST4)
Add component. Clean all parameters for all variants
Add component (AddParameter): Name = "ComponentLink1Description"; Value = "https://www.verical.com/server-webapp/html/getDatasheet?partID=440408&src-supplier=Verical"; VariantName = "[No Variations]"
Add component (AddParameter): Name = "ComponentLink1URL"; Value = "https://www.verical.com/server-webapp/html/getDatasheet?partID=440408&src-supplier=Verical"; VariantName = "[No Variations]"
Add component (AddParameter): Name = "Manufacturer"; Value = "JST"; VariantName = "[No Variations]"
Add component (AddParameter): Name = "Manufacturer Part Number"; Value = "B8B-XH-A(LF)(SN)"; VariantName = "[No Variations]"
Add component (AddParameter): Name = "No of Positions"; Value = "8"; VariantName = "[No Variations]"
Add component (AddParameter): Name = "Pitch"; Value = "2.5 mm"; VariantName = "[No Variations]"
Add component (AddParameter): Name = "Pricing 1"; Value = "1=0.36, 10=0.341, 100=0.2387, 500=0.2046, 1000=0.1705, 5000=0.1461, 10000=0.1364 (USD)"; VariantName = "[No Variations]"
Add component (AddParameter): Name = "Stock 1"; Value = "29643"; VariantName = "[No Variations]"
Add component (AddParameter): Name = "Style/Orientation"; Value = "Straight Header/Plug"; VariantName = "[No Variations]"
Add component (AddParameter): Name = "Supplier 1"; Value = "Digi-Key"; VariantName = "[No Variations]"
Add component (AddParameter): Name = "Supplier Part Number 1"; Value = "455-2251-ND"; VariantName = "[No Variations]"
Add component (AddParameter): Name = "Termination"; Value = "Crimp"; VariantName = "[No Variations]"
Add component (AddParameter): Name = "Type"; Value = "Shrouded Header"; VariantName = "[No Variations]"
Added Component: Designator=J3(JST4)
Add component. Clean all parameters for all variants
Add component (AddParameter): Name = "ComponentLink1Description"; Value = "https://www.verical.com/server-webapp/html/getDatasheet?partID=440408&src-supplier=Verical"; VariantName = "[No Variations]"
Add component (AddParameter): Name = "ComponentLink1URL"; Value = "https://www.verical.com/server-webapp/html/getDatasheet?partID=440408&src-supplier=Verical"; VariantName = "[No Variations]"
Add component (AddParameter): Name = "Manufacturer"; Value = "JST"; VariantName = "[No Variations]"
Add component (AddParameter): Name = "Manufacturer Part Number"; Value = "B8B-XH-A(LF)(SN)"; VariantName = "[No Variations]"
Add component (AddParameter): Name = "No of Positions"; Value = "8"; VariantName = "[No Variations]"
Add component (AddParameter): Name = "Pitch"; Value = "2.5 mm"; VariantName = "[No Variations]"
Add component (AddParameter): Name = "Pricing 1"; Value = "1=0.36, 10=0.341, 100=0.2387, 500=0.2046, 1000=0.1705, 5000=0.1461, 10000=0.1364 (USD)"; VariantName = "[No Variations]"
Add component (AddParameter): Name = "Stock 1"; Value = "29643"; VariantName = "[No Variations]"
Add component (AddParameter): Name = "Style/Orientation"; Value = "Straight Header/Plug"; VariantName = "[No Variations]"
Add component (AddParameter): Name = "Supplier 1"; Value = "Digi-Key"; VariantName = "[No Variations]"
Add component (AddParameter): Name = "Supplier Part Number 1"; Value = "455-2251-ND"; VariantName = "[No Variations]"
Add component (AddParameter): Name = "Termination"; Value = "Crimp"; VariantName = "[No Variations]"
Add component (AddParameter): Name = "Type"; Value = "Shrouded Header"; VariantName = "[No Variations]"
Added Component: Designator=J4(JST4)
Add component. Clean all parameters for all variants
Add component (AddParameter): Name = "ComponentLink1Description"; Value = "https://www.verical.com/server-webapp/html/getDatasheet?partID=440408&src-supplier=Verical"; VariantName = "[No Variations]"
Add component (AddParameter): Name = "ComponentLink1URL"; Value = "https://www.verical.com/server-webapp/html/getDatasheet?partID=440408&src-supplier=Verical"; VariantName = "[No Variations]"
Add component (AddParameter): Name = "Manufacturer"; Value = "JST"; VariantName = "[No Variations]"
Add component (AddParameter): Name = "Manufacturer Part Number"; Value = "B8B-XH-A(LF)(SN)"; VariantName = "[No Variations]"
Add component (AddParameter): Name = "No of Positions"; Value = "8"; VariantName = "[No Variations]"
Add component (AddParameter): Name = "Pitch"; Value = "2.5 mm"; VariantName = "[No Variations]"
Add component (AddParameter): Name = "Pricing 1"; Value = "1=0.36, 10=0.341, 100=0.2387, 500=0.2046, 1000=0.1705, 5000=0.1461, 10000=0.1364 (USD)"; VariantName = "[No Variations]"
Add component (AddParameter): Name = "Stock 1"; Value = "29643"; VariantName = "[No Variations]"
Add component (AddParameter): Name = "Style/Orientation"; Value = "Straight Header/Plug"; VariantName = "[No Variations]"
Add component (AddParameter): Name = "Supplier 1"; Value = "Digi-Key"; VariantName = "[No Variations]"
Add component (AddParameter): Name = "Supplier Part Number 1"; Value = "455-2251-ND"; VariantName = "[No Variations]"
Add component (AddParameter): Name = "Termination"; Value = "Crimp"; VariantName = "[No Variations]"
Add component (AddParameter): Name = "Type"; Value = "Shrouded Header"; VariantName = "[No Variations]"
Added Component: Designator=J5(JST4)
Add component. Clean all parameters for all variants
Add component (AddParameter): Name = "ComponentLink1Description"; Value = "https://www.verical.com/server-webapp/html/getDatasheet?partID=440408&src-supplier=Verical"; VariantName = "[No Variations]"
Add component (AddParameter): Name = "ComponentLink1URL"; Value = "https://www.verical.com/server-webapp/html/getDatasheet?partID=440408&src-supplier=Verical"; VariantName = "[No Variations]"
Add component (AddParameter): Name = "Manufacturer"; Value = "JST"; VariantName = "[No Variations]"
Add component (AddParameter): Name = "Manufacturer Part Number"; Value = "B8B-XH-A(LF)(SN)"; VariantName = "[No Variations]"
Add component (AddParameter): Name = "No of Positions"; Value = "8"; VariantName = "[No Variations]"
Add component (AddParameter): Name = "Pitch"; Value = "2.5 mm"; VariantName = "[No Variations]"
Add component (AddParameter): Name = "Pricing 1"; Value = "1=0.36, 10=0.341, 100=0.2387, 500=0.2046, 1000=0.1705, 5000=0.1461, 10000=0.1364 (USD)"; VariantName = "[No Variations]"
Add component (AddParameter): Name = "Stock 1"; Value = "29643"; VariantName = "[No Variations]"
Add component (AddParameter): Name = "Style/Orientation"; Value = "Straight Header/Plug"; VariantName = "[No Variations]"
Add component (AddParameter): Name = "Supplier 1"; Value = "Digi-Key"; VariantName = "[No Variations]"
Add component (AddParameter): Name = "Supplier Part Number 1"; Value = "455-2251-ND"; VariantName = "[No Variations]"
Add component (AddParameter): Name = "Termination"; Value = "Crimp"; VariantName = "[No Variations]"
Add component (AddParameter): Name = "Type"; Value = "Shrouded Header"; VariantName = "[No Variations]"
Added Component: Designator=J6(JST3)
Add component. Clean all parameters for all variants
Add component (AddParameter): Name = "ComponentLink1Description"; Value = "https://www.verical.com/server-webapp/html/getDatasheet?partID=440408&src-supplier=Verical"; VariantName = "[No Variations]"
Add component (AddParameter): Name = "ComponentLink1URL"; Value = "https://www.verical.com/server-webapp/html/getDatasheet?partID=440408&src-supplier=Verical"; VariantName = "[No Variations]"
Add component (AddParameter): Name = "Manufacturer"; Value = "JST"; VariantName = "[No Variations]"
Add component (AddParameter): Name = "Manufacturer Part Number"; Value = "B8B-XH-A(LF)(SN)"; VariantName = "[No Variations]"
Add component (AddParameter): Name = "No of Positions"; Value = "8"; VariantName = "[No Variations]"
Add component (AddParameter): Name = "Pitch"; Value = "2.5 mm"; VariantName = "[No Variations]"
Add component (AddParameter): Name = "Pricing 1"; Value = "1=0.36, 10=0.341, 100=0.2387, 500=0.2046, 1000=0.1705, 5000=0.1461, 10000=0.1364 (USD)"; VariantName = "[No Variations]"
Add component (AddParameter): Name = "Stock 1"; Value = "29643"; VariantName = "[No Variations]"
Add component (AddParameter): Name = "Style/Orientation"; Value = "Straight Header/Plug"; VariantName = "[No Variations]"
Add component (AddParameter): Name = "Supplier 1"; Value = "Digi-Key"; VariantName = "[No Variations]"
Add component (AddParameter): Name = "Supplier Part Number 1"; Value = "455-2251-ND"; VariantName = "[No Variations]"
Add component (AddParameter): Name = "Termination"; Value = "Crimp"; VariantName = "[No Variations]"
Add component (AddParameter): Name = "Type"; Value = "Shrouded Header"; VariantName = "[No Variations]"
Added Component: Designator=J7(JST3)
Add component. Clean all parameters for all variants
Add component (AddParameter): Name = "ComponentLink1Description"; Value = "https://www.verical.com/server-webapp/html/getDatasheet?partID=440408&src-supplier=Verical"; VariantName = "[No Variations]"
Add component (AddParameter): Name = "ComponentLink1URL"; Value = "https://www.verical.com/server-webapp/html/getDatasheet?partID=440408&src-supplier=Verical"; VariantName = "[No Variations]"
Add component (AddParameter): Name = "Manufacturer"; Value = "JST"; VariantName = "[No Variations]"
Add component (AddParameter): Name = "Manufacturer Part Number"; Value = "B8B-XH-A(LF)(SN)"; VariantName = "[No Variations]"
Add component (AddParameter): Name = "No of Positions"; Value = "8"; VariantName = "[No Variations]"
Add component (AddParameter): Name = "Pitch"; Value = "2.5 mm"; VariantName = "[No Variations]"
Add component (AddParameter): Name = "Pricing 1"; Value = "1=0.36, 10=0.341, 100=0.2387, 500=0.2046, 1000=0.1705, 5000=0.1461, 10000=0.1364 (USD)"; VariantName = "[No Variations]"
Add component (AddParameter): Name = "Stock 1"; Value = "29643"; VariantName = "[No Variations]"
Add component (AddParameter): Name = "Style/Orientation"; Value = "Straight Header/Plug"; VariantName = "[No Variations]"
Add component (AddParameter): Name = "Supplier 1"; Value = "Digi-Key"; VariantName = "[No Variations]"
Add component (AddParameter): Name = "Supplier Part Number 1"; Value = "455-2251-ND"; VariantName = "[No Variations]"
Add component (AddParameter): Name = "Termination"; Value = "Crimp"; VariantName = "[No Variations]"
Add component (AddParameter): Name = "Type"; Value = "Shrouded Header"; VariantName = "[No Variations]"
Added Component: Designator=J8(JST5)
Add component. Clean all parameters for all variants
Add component (AddParameter): Name = "ComponentLink1Description"; Value = "https://www.verical.com/server-webapp/html/getDatasheet?partID=440408&src-supplier=Verical"; VariantName = "[No Variations]"
Add component (AddParameter): Name = "ComponentLink1URL"; Value = "https://www.verical.com/server-webapp/html/getDatasheet?partID=440408&src-supplier=Verical"; VariantName = "[No Variations]"
Add component (AddParameter): Name = "Manufacturer"; Value = "JST"; VariantName = "[No Variations]"
Add component (AddParameter): Name = "Manufacturer Part Number"; Value = "B8B-XH-A(LF)(SN)"; VariantName = "[No Variations]"
Add component (AddParameter): Name = "No of Positions"; Value = "8"; VariantName = "[No Variations]"
Add component (AddParameter): Name = "Pitch"; Value = "2.5 mm"; VariantName = "[No Variations]"
Add component (AddParameter): Name = "Pricing 1"; Value = "1=0.36, 10=0.341, 100=0.2387, 500=0.2046, 1000=0.1705, 5000=0.1461, 10000=0.1364 (USD)"; VariantName = "[No Variations]"
Add component (AddParameter): Name = "Stock 1"; Value = "29643"; VariantName = "[No Variations]"
Add component (AddParameter): Name = "Style/Orientation"; Value = "Straight Header/Plug"; VariantName = "[No Variations]"
Add component (AddParameter): Name = "Supplier 1"; Value = "Digi-Key"; VariantName = "[No Variations]"
Add component (AddParameter): Name = "Supplier Part Number 1"; Value = "455-2251-ND"; VariantName = "[No Variations]"
Add component (AddParameter): Name = "Termination"; Value = "Crimp"; VariantName = "[No Variations]"
Add component (AddParameter): Name = "Type"; Value = "Shrouded Header"; VariantName = "[No Variations]"
Added Component: Designator=J9(JST4)
Add component. Clean all parameters for all variants
Add component (AddParameter): Name = "ComponentLink1Description"; Value = "https://www.verical.com/server-webapp/html/getDatasheet?partID=440408&src-supplier=Verical"; VariantName = "[No Variations]"
Add component (AddParameter): Name = "ComponentLink1URL"; Value = "https://www.verical.com/server-webapp/html/getDatasheet?partID=440408&src-supplier=Verical"; VariantName = "[No Variations]"
Add component (AddParameter): Name = "Manufacturer"; Value = "JST"; VariantName = "[No Variations]"
Add component (AddParameter): Name = "Manufacturer Part Number"; Value = "B8B-XH-A(LF)(SN)"; VariantName = "[No Variations]"
Add component (AddParameter): Name = "No of Positions"; Value = "8"; VariantName = "[No Variations]"
Add component (AddParameter): Name = "Pitch"; Value = "2.5 mm"; VariantName = "[No Variations]"
Add component (AddParameter): Name = "Pricing 1"; Value = "1=0.36, 10=0.341, 100=0.2387, 500=0.2046, 1000=0.1705, 5000=0.1461, 10000=0.1364 (USD)"; VariantName = "[No Variations]"
Add component (AddParameter): Name = "Stock 1"; Value = "29643"; VariantName = "[No Variations]"
Add component (AddParameter): Name = "Style/Orientation"; Value = "Straight Header/Plug"; VariantName = "[No Variations]"
Add component (AddParameter): Name = "Supplier 1"; Value = "Digi-Key"; VariantName = "[No Variations]"
Add component (AddParameter): Name = "Supplier Part Number 1"; Value = "455-2251-ND"; VariantName = "[No Variations]"
Add component (AddParameter): Name = "Termination"; Value = "Crimp"; VariantName = "[No Variations]"
Add component (AddParameter): Name = "Type"; Value = "Shrouded Header"; VariantName = "[No Variations]"
Added Component: Designator=J10(JST8)
Add component. Clean all parameters for all variants
Add component (AddParameter): Name = "ComponentLink1Description"; Value = "https://www.verical.com/server-webapp/html/getDatasheet?partID=440408&src-supplier=Verical"; VariantName = "[No Variations]"
Add component (AddParameter): Name = "ComponentLink1URL"; Value = "https://www.verical.com/server-webapp/html/getDatasheet?partID=440408&src-supplier=Verical"; VariantName = "[No Variations]"
Add component (AddParameter): Name = "Manufacturer"; Value = "JST"; VariantName = "[No Variations]"
Add component (AddParameter): Name = "Manufacturer Part Number"; Value = "B8B-XH-A(LF)(SN)"; VariantName = "[No Variations]"
Add component (AddParameter): Name = "No of Positions"; Value = "8"; VariantName = "[No Variations]"
Add component (AddParameter): Name = "Pitch"; Value = "2.5 mm"; VariantName = "[No Variations]"
Add component (AddParameter): Name = "Pricing 1"; Value = "1=0.36, 10=0.341, 100=0.2387, 500=0.2046, 1000=0.1705, 5000=0.1461, 10000=0.1364 (USD)"; VariantName = "[No Variations]"
Add component (AddParameter): Name = "Stock 1"; Value = "29643"; VariantName = "[No Variations]"
Add component (AddParameter): Name = "Style/Orientation"; Value = "Straight Header/Plug"; VariantName = "[No Variations]"
Add component (AddParameter): Name = "Supplier 1"; Value = "Digi-Key"; VariantName = "[No Variations]"
Add component (AddParameter): Name = "Supplier Part Number 1"; Value = "455-2251-ND"; VariantName = "[No Variations]"
Add component (AddParameter): Name = "Termination"; Value = "Crimp"; VariantName = "[No Variations]"
Add component (AddParameter): Name = "Type"; Value = "Shrouded Header"; VariantName = "[No Variations]"
Added Component: Designator=J11(JST2)
Add component. Clean all parameters for all variants
Add component (AddParameter): Name = "ComponentLink1Description"; Value = "https://www.verical.com/server-webapp/html/getDatasheet?partID=440408&src-supplier=Verical"; VariantName = "[No Variations]"
Add component (AddParameter): Name = "ComponentLink1URL"; Value = "https://www.verical.com/server-webapp/html/getDatasheet?partID=440408&src-supplier=Verical"; VariantName = "[No Variations]"
Add component (AddParameter): Name = "Manufacturer"; Value = "JST"; VariantName = "[No Variations]"
Add component (AddParameter): Name = "Manufacturer Part Number"; Value = "B8B-XH-A(LF)(SN)"; VariantName = "[No Variations]"
Add component (AddParameter): Name = "No of Positions"; Value = "8"; VariantName = "[No Variations]"
Add component (AddParameter): Name = "Pitch"; Value = "2.5 mm"; VariantName = "[No Variations]"
Add component (AddParameter): Name = "Pricing 1"; Value = "1=0.36, 10=0.341, 100=0.2387, 500=0.2046, 1000=0.1705, 5000=0.1461, 10000=0.1364 (USD)"; VariantName = "[No Variations]"
Add component (AddParameter): Name = "Stock 1"; Value = "29643"; VariantName = "[No Variations]"
Add component (AddParameter): Name = "Style/Orientation"; Value = "Straight Header/Plug"; VariantName = "[No Variations]"
Add component (AddParameter): Name = "Supplier 1"; Value = "Digi-Key"; VariantName = "[No Variations]"
Add component (AddParameter): Name = "Supplier Part Number 1"; Value = "455-2251-ND"; VariantName = "[No Variations]"
Add component (AddParameter): Name = "Termination"; Value = "Crimp"; VariantName = "[No Variations]"
Add component (AddParameter): Name = "Type"; Value = "Shrouded Header"; VariantName = "[No Variations]"
Added Component: Designator=J12(JST8)
Add component. Clean all parameters for all variants
Add component (AddParameter): Name = "ComponentLink1Description"; Value = "https://www.verical.com/server-webapp/html/getDatasheet?partID=440408&src-supplier=Verical"; VariantName = "[No Variations]"
Add component (AddParameter): Name = "ComponentLink1URL"; Value = "https://www.verical.com/server-webapp/html/getDatasheet?partID=440408&src-supplier=Verical"; VariantName = "[No Variations]"
Add component (AddParameter): Name = "Manufacturer"; Value = "JST"; VariantName = "[No Variations]"
Add component (AddParameter): Name = "Manufacturer Part Number"; Value = "B8B-XH-A(LF)(SN)"; VariantName = "[No Variations]"
Add component (AddParameter): Name = "No of Positions"; Value = "8"; VariantName = "[No Variations]"
Add component (AddParameter): Name = "Pitch"; Value = "2.5 mm"; VariantName = "[No Variations]"
Add component (AddParameter): Name = "Pricing 1"; Value = "1=0.36, 10=0.341, 100=0.2387, 500=0.2046, 1000=0.1705, 5000=0.1461, 10000=0.1364 (USD)"; VariantName = "[No Variations]"
Add component (AddParameter): Name = "Stock 1"; Value = "29643"; VariantName = "[No Variations]"
Add component (AddParameter): Name = "Style/Orientation"; Value = "Straight Header/Plug"; VariantName = "[No Variations]"
Add component (AddParameter): Name = "Supplier 1"; Value = "Digi-Key"; VariantName = "[No Variations]"
Add component (AddParameter): Name = "Supplier Part Number 1"; Value = "455-2251-ND"; VariantName = "[No Variations]"
Add component (AddParameter): Name = "Termination"; Value = "Crimp"; VariantName = "[No Variations]"
Add component (AddParameter): Name = "Type"; Value = "Shrouded Header"; VariantName = "[No Variations]"
Added Pin To Net: NetName=5V Pin=ARD-56
Added Pin To Net: NetName=5V Pin=J2-1
Added Pin To Net: NetName=5V Pin=J3-1
Added Pin To Net: NetName=5V Pin=J4-1
Added Pin To Net: NetName=5V Pin=J5-1
Added Pin To Net: NetName=5V Pin=J6-1
Added Pin To Net: NetName=5V Pin=J7-1
Added Pin To Net: NetName=5V Pin=J8-1
Added Pin To Net: NetName=5V Pin=J9-2
Added Pin To Net: NetName=5V Pin=J10-1
Added Net: Name=5V
Added Pin To Net: NetName=12V Pin=ARD-59
Added Pin To Net: NetName=12V Pin=J1-1
Added Pin To Net: NetName=12V Pin=J11-1
Added Pin To Net: NetName=12V Pin=J12-1
Added Net: Name=12V
Added Pin To Net: NetName=Buzzer Pin=ARD-27
Added Pin To Net: NetName=Buzzer Pin=B1-1
Added Net: Name=Buzzer
Added Pin To Net: NetName=Echo1 Pin=ARD-29
Added Pin To Net: NetName=Echo1 Pin=J1-3
Added Net: Name=Echo1
Added Pin To Net: NetName=Echo2 Pin=ARD-30
Added Pin To Net: NetName=Echo2 Pin=J2-3
Added Net: Name=Echo2
Added Pin To Net: NetName=Echo3 Pin=ARD-31
Added Pin To Net: NetName=Echo3 Pin=J3-3
Added Net: Name=Echo3
Added Pin To Net: NetName=Echo4 Pin=ARD-32
Added Pin To Net: NetName=Echo4 Pin=J4-3
Added Net: Name=Echo4
Added Pin To Net: NetName=Echo5 Pin=ARD-33
Added Pin To Net: NetName=Echo5 Pin=J5-3
Added Net: Name=Echo5
Added Pin To Net: NetName=EN1 Pin=ARD-2
Added Pin To Net: NetName=EN1 Pin=J12-3
Added Net: Name=EN1
Added Pin To Net: NetName=EN2 Pin=ARD-3
Added Pin To Net: NetName=EN2 Pin=J12-4
Added Net: Name=EN2
Added Pin To Net: NetName=GND Pin=ARD-57
Added Pin To Net: NetName=GND Pin=B1-2
Added Pin To Net: NetName=GND Pin=J1-4
Added Pin To Net: NetName=GND Pin=J2-4
Added Pin To Net: NetName=GND Pin=J3-4
Added Pin To Net: NetName=GND Pin=J4-4
Added Pin To Net: NetName=GND Pin=J5-4
Added Pin To Net: NetName=GND Pin=J6-3
Added Pin To Net: NetName=GND Pin=J7-3
Added Pin To Net: NetName=GND Pin=J8-2
Added Pin To Net: NetName=GND Pin=J9-1
Added Pin To Net: NetName=GND Pin=J10-3
Added Pin To Net: NetName=GND Pin=J11-2
Added Pin To Net: NetName=GND Pin=J12-2
Added Net: Name=GND
Added Pin To Net: NetName=Gyro Pin=ARD-18
Added Pin To Net: NetName=Gyro Pin=J8-5
Added Net: Name=Gyro
Added Pin To Net: NetName=IN1 Pin=ARD-22
Added Pin To Net: NetName=IN1 Pin=J12-5
Added Net: Name=IN1
Added Pin To Net: NetName=IN2 Pin=ARD-23
Added Pin To Net: NetName=IN2 Pin=J12-6
Added Net: Name=IN2
Added Pin To Net: NetName=IN3 Pin=ARD-24
Added Pin To Net: NetName=IN3 Pin=J12-7
Added Net: Name=IN3
Added Pin To Net: NetName=IN4 Pin=ARD-25
Added Pin To Net: NetName=IN4 Pin=J12-8
Added Net: Name=IN4
Added Pin To Net: NetName=MISI Pin=ARD-51
Added Pin To Net: NetName=MISI Pin=J10-6
Added Net: Name=MISI
Added Pin To Net: NetName=MISO Pin=ARD-50
Added Pin To Net: NetName=MISO Pin=J10-5
Added Net: Name=MISO
Added Pin To Net: NetName=PIR1 Pin=ARD-35
Added Pin To Net: NetName=PIR1 Pin=J6-2
Added Net: Name=PIR1
Added Pin To Net: NetName=PIR2 Pin=ARD-36
Added Pin To Net: NetName=PIR2 Pin=J7-2
Added Net: Name=PIR2
Added Pin To Net: NetName=RF_RST Pin=ARD-8
Added Pin To Net: NetName=RF_RST Pin=J10-2
Added Net: Name=RF_RST
Added Pin To Net: NetName=RF_SDA Pin=ARD-9
Added Pin To Net: NetName=RF_SDA Pin=J10-8
Added Net: Name=RF_SDA
Added Pin To Net: NetName=SCK Pin=ARD-52
Added Pin To Net: NetName=SCK Pin=J10-7
Added Net: Name=SCK
Added Pin To Net: NetName=SCL Pin=ARD-21
Added Pin To Net: NetName=SCL Pin=J8-3
Added Pin To Net: NetName=SCL Pin=J9-3
Added Net: Name=SCL
Added Pin To Net: NetName=SDA Pin=ARD-20
Added Pin To Net: NetName=SDA Pin=J8-4
Added Pin To Net: NetName=SDA Pin=J9-4
Added Net: Name=SDA
Added Pin To Net: NetName=Trig1 Pin=ARD-13
Added Pin To Net: NetName=Trig1 Pin=J1-2
Added Net: Name=Trig1
Added Pin To Net: NetName=Trig2 Pin=ARD-12
Added Pin To Net: NetName=Trig2 Pin=J2-2
Added Net: Name=Trig2
Added Pin To Net: NetName=Trig3 Pin=ARD-11
Added Pin To Net: NetName=Trig3 Pin=J3-2
Added Net: Name=Trig3
Added Pin To Net: NetName=Trig4 Pin=ARD-10
Added Pin To Net: NetName=Trig4 Pin=J4-2
Added Net: Name=Trig4
Added Pin To Net: NetName=Trig5 Pin=ARD-7
Added Pin To Net: NetName=Trig5 Pin=J5-2
Added Net: Name=Trig5
Added Class: Name=Cart
Added Room: Name=Cart
